# JRE version: Java(TM) SE Runtime Environment (8.0_201-b09) (build 1.8.0_201-b09)
# Java VM: Java HotSpot(TM) 64-Bit Server VM (25.201-b09 mixed mode windows-amd64 compressed oops)
Heap:
 PSYoungGen      total 18432K, used 14128K [0x00000000eb600000, 0x00000000eca80000, 0x0000000100000000)
  eden space 15872K, 89% used [0x00000000eb600000,0x00000000ec3cc0a0,0x00000000ec580000)
  from space 2560K, 0% used [0x00000000ec580000,0x00000000ec580000,0x00000000ec800000)
  to   space 2560K, 0% used [0x00000000ec800000,0x00000000ec800000,0x00000000eca80000)
 ParOldGen       total 29184K, used 904K [0x00000000c2200000, 0x00000000c3e80000, 0x00000000eb600000)
  object space 29184K, 3% used [0x00000000c2200000,0x00000000c22e21e8,0x00000000c3e80000)
 Metaspace       used 12341K, capacity 12790K, committed 12928K, reserved 1062912K
  class space    used 1690K, capacity 1841K, committed 1920K, reserved 1048576K
GC Heap History (4 events):
Event: 0.794 GC heap before
{Heap before GC invocations=1 (full 0):
 PSYoungGen      total 18432K, used 7642K [0x00000000eb600000, 0x00000000eca80000, 0x0000000100000000)
  eden space 15872K, 48% used [0x00000000eb600000,0x00000000ebd76ba0,0x00000000ec580000)
  from space 2560K, 0% used [0x00000000ec800000,0x00000000ec800000,0x00000000eca80000)
  to   space 2560K, 0% used [0x00000000ec580000,0x00000000ec580000,0x00000000ec800000)
 ParOldGen       total 42496K, used 0K [0x00000000c2200000, 0x00000000c4b80000, 0x00000000eb600000)
  object space 42496K, 0% used [0x00000000c2200000,0x00000000c2200000,0x00000000c4b80000)
 Metaspace       used 5790K, capacity 6456K, committed 6528K, reserved 1060864K
  class space    used 731K, capacity 837K, committed 896K, reserved 1048576K
Event: 0.799 GC heap after
Heap after GC invocations=1 (full 0):
 PSYoungGen      total 18432K, used 992K [0x00000000eb600000, 0x00000000eca80000, 0x0000000100000000)
  eden space 15872K, 0% used [0x00000000eb600000,0x00000000eb600000,0x00000000ec580000)
  from space 2560K, 38% used [0x00000000ec580000,0x00000000ec678020,0x00000000ec800000)
  to   space 2560K, 0% used [0x00000000ec800000,0x00000000ec800000,0x00000000eca80000)
 ParOldGen       total 42496K, used 8K [0x00000000c2200000, 0x00000000c4b80000, 0x00000000eb600000)
  object space 42496K, 0% used [0x00000000c2200000,0x00000000c2202000,0x00000000c4b80000)
 Metaspace       used 5790K, capacity 6456K, committed 6528K, reserved 1060864K
  class space    used 731K, capacity 837K, committed 896K, reserved 1048576K
}
Event: 0.799 GC heap before
{Heap before GC invocations=2 (full 1):
 PSYoungGen      total 18432K, used 992K [0x00000000eb600000, 0x00000000eca80000, 0x0000000100000000)
  eden space 15872K, 0% used [0x00000000eb600000,0x00000000eb600000,0x00000000ec580000)
  from space 2560K, 38% used [0x00000000ec580000,0x00000000ec678020,0x00000000ec800000)
  to   space 2560K, 0% used [0x00000000ec800000,0x00000000ec800000,0x00000000eca80000)
 ParOldGen       total 42496K, used 8K [0x00000000c2200000, 0x00000000c4b80000, 0x00000000eb600000)
  object space 42496K, 0% used [0x00000000c2200000,0x00000000c2202000,0x00000000c4b80000)
 Metaspace       used 5790K, capacity 6456K, committed 6528K, reserved 1060864K
  class space    used 731K, capacity 837K, committed 896K, reserved 1048576K
Event: 0.813 GC heap after
Heap after GC invocations=2 (full 1):
 PSYoungGen      total 18432K, used 0K [0x00000000eb600000, 0x00000000eca80000, 0x0000000100000000)
  eden space 15872K, 0% used [0x00000000eb600000,0x00000000eb600000,0x00000000ec580000)
  from space 2560K, 0% used [0x00000000ec580000,0x00000000ec580000,0x00000000ec800000)
  to   space 2560K, 0% used [0x00000000ec800000,0x00000000ec800000,0x00000000eca80000)
 ParOldGen       total 29184K, used 904K [0x00000000c2200000, 0x00000000c3e80000, 0x00000000eb600000)
  object space 29184K, 3% used [0x00000000c2200000,0x00000000c22e21e8,0x00000000c3e80000)
 Metaspace       used 5790K, capacity 6456K, committed 6528K, reserved 1058816K
  class space    used 731K, capacity 837K, committed 896K, reserved 1048576K
}

